<?xml version="1.0" encoding="UTF-8"?>
<!-- Generated by org.testng.reporters.JUnitReportReporter -->
<testsuite hostname="LAPTOP-LJ33F6DB" failures="0" tests="1" name="javapactical.Readexcel" time="8.927" errors="0" timestamp="2024-06-24T10:42:26 WAT" skipped="0">
  <testcase classname="javapactical.Readexcel" name="getlogindata" time="8.927"/>
  <system-out/>
</testsuite> <!-- javapactical.Readexcel -->
