<?xml version="1.0" encoding="UTF-8"?>
<!-- Generated by org.testng.reporters.JUnitReportReporter -->
<testsuite hostname="LAPTOP-LJ33F6DB" failures="0" tests="4" name="runner.Excecution" time="18.674" errors="0" timestamp="2021-11-29T13:08:29 IST" skipped="3">
  <testcase classname="runner.Excecution" name="testcase1" time="18.674"/>
  <system-out/>
  <testcase classname="runner.Excecution" name="testcase3">
    <skipped/>
  </testcase> <!-- testcase3 -->
  <system-out/>
  <testcase classname="runner.Excecution" name="testcase2">
    <skipped/>
  </testcase> <!-- testcase2 -->
  <system-out/>
  <testcase classname="runner.Excecution" name="testcase4">
    <skipped/>
  </testcase> <!-- testcase4 -->
  <system-out/>
</testsuite> <!-- runner.Excecution -->
